# JRE version: OpenJDK Runtime Environment (8.0_151-b12) (build 1.8.0_151-8u151-b12-0ubuntu0.16.04.2-b12)
# Java VM: OpenJDK 64-Bit Server VM (25.151-b12 mixed mode linux-amd64 compressed oops)
Heap:
 PSYoungGen      total 218112K, used 10469K [0x00000000f0580000, 0x0000000100000000, 0x0000000100000000)
  eden space 199168K, 0% used [0x00000000f0580000,0x00000000f0580000,0x00000000fc800000)
  from space 18944K, 55% used [0x00000000fed80000,0x00000000ff7b9440,0x0000000100000000)
  to   space 28672K, 0% used [0x00000000fc800000,0x00000000fc800000,0x00000000fe400000)
 ParOldGen       total 58880K, used 58598K [0x00000000d1000000, 0x00000000d4980000, 0x00000000f0580000)
  object space 58880K, 99% used [0x00000000d1000000,0x00000000d4939890,0x00000000d4980000)
 Metaspace       used 30698K, capacity 31194K, committed 31488K, reserved 1077248K
  class space    used 3926K, capacity 4049K, committed 4096K, reserved 1048576K
GC Heap History (10 events):
Event: 4.455 GC heap after
Heap after GC invocations=12 (full 1):
 PSYoungGen      total 159744K, used 7070K [0x00000000f0580000, 0x00000000fd700000, 0x0000000100000000)
  eden space 150528K, 0% used [0x00000000f0580000,0x00000000f0580000,0x00000000f9880000)
  from space 9216K, 76% used [0x00000000f9880000,0x00000000f9f67858,0x00000000fa180000)
  to   space 9728K, 0% used [0x00000000fcd80000,0x00000000fcd80000,0x00000000fd700000)
 ParOldGen       total 28672K, used 21496K [0x00000000d1000000, 0x00000000d2c00000, 0x00000000f0580000)
  object space 28672K, 74% used [0x00000000d1000000,0x00000000d24fe348,0x00000000d2c00000)
 Metaspace       used 28362K, capacity 28710K, committed 28928K, reserved 1075200K
  class space    used 3625K, capacity 3741K, committed 3840K, reserved 1048576K
}
Event: 9.199 GC heap before
{Heap before GC invocations=13 (full 1):
 PSYoungGen      total 159744K, used 157598K [0x00000000f0580000, 0x00000000fd700000, 0x0000000100000000)
  eden space 150528K, 100% used [0x00000000f0580000,0x00000000f9880000,0x00000000f9880000)
  from space 9216K, 76% used [0x00000000f9880000,0x00000000f9f67858,0x00000000fa180000)
  to   space 9728K, 0% used [0x00000000fcd80000,0x00000000fcd80000,0x00000000fd700000)
 ParOldGen       total 28672K, used 21496K [0x00000000d1000000, 0x00000000d2c00000, 0x00000000f0580000)
  object space 28672K, 74% used [0x00000000d1000000,0x00000000d24fe348,0x00000000d2c00000)
 Metaspace       used 30690K, capacity 31194K, committed 31488K, reserved 1077248K
  class space    used 3926K, capacity 4049K, committed 4096K, reserved 1048576K
Event: 9.245 GC heap after
Heap after GC invocations=13 (full 1):
 PSYoungGen      total 200704K, used 9712K [0x00000000f0580000, 0x00000000fec00000, 0x0000000100000000)
  eden space 190976K, 0% used [0x00000000f0580000,0x00000000f0580000,0x00000000fc000000)
  from space 9728K, 99% used [0x00000000fcd80000,0x00000000fd6fc060,0x00000000fd700000)
  to   space 13824K, 0% used [0x00000000fc000000,0x00000000fc000000,0x00000000fcd80000)
 ParOldGen       total 29696K, used 29280K [0x00000000d1000000, 0x00000000d2d00000, 0x00000000f0580000)
  object space 29696K, 98% used [0x00000000d1000000,0x00000000d2c98240,0x00000000d2d00000)
 Metaspace       used 30690K, capacity 31194K, committed 31488K, reserved 1077248K
  class space    used 3926K, capacity 4049K, committed 4096K, reserved 1048576K
}
Event: 9.246 GC heap before
{Heap before GC invocations=14 (full 2):
 PSYoungGen      total 200704K, used 9712K [0x00000000f0580000, 0x00000000fec00000, 0x0000000100000000)
  eden space 190976K, 0% used [0x00000000f0580000,0x00000000f0580000,0x00000000fc000000)
  from space 9728K, 99% used [0x00000000fcd80000,0x00000000fd6fc060,0x00000000fd700000)
  to   space 13824K, 0% used [0x00000000fc000000,0x00000000fc000000,0x00000000fcd80000)
 ParOldGen       total 29696K, used 29280K [0x00000000d1000000, 0x00000000d2d00000, 0x00000000f0580000)
  object space 29696K, 98% used [0x00000000d1000000,0x00000000d2c98240,0x00000000d2d00000)
 Metaspace       used 30690K, capacity 31194K, committed 31488K, reserved 1077248K
  class space    used 3926K, capacity 4049K, committed 4096K, reserved 1048576K
Event: 9.435 GC heap after
Heap after GC invocations=14 (full 2):
 PSYoungGen      total 200704K, used 0K [0x00000000f0580000, 0x00000000fec00000, 0x0000000100000000)
  eden space 190976K, 0% used [0x00000000f0580000,0x00000000f0580000,0x00000000fc000000)
  from space 9728K, 0% used [0x00000000fcd80000,0x00000000fcd80000,0x00000000fd700000)
  to   space 13824K, 0% used [0x00000000fc000000,0x00000000fc000000,0x00000000fcd80000)
 ParOldGen       total 58880K, used 28616K [0x00000000d1000000, 0x00000000d4980000, 0x00000000f0580000)
  object space 58880K, 48% used [0x00000000d1000000,0x00000000d2bf23d0,0x00000000d4980000)
 Metaspace       used 30690K, capacity 31194K, committed 31488K, reserved 1077248K
  class space    used 3926K, capacity 4049K, committed 4096K, reserved 1048576K
}
Event: 9.648 GC heap before
{Heap before GC invocations=15 (full 2):
 PSYoungGen      total 200704K, used 190976K [0x00000000f0580000, 0x00000000fec00000, 0x0000000100000000)
  eden space 190976K, 100% used [0x00000000f0580000,0x00000000fc000000,0x00000000fc000000)
  from space 9728K, 0% used [0x00000000fcd80000,0x00000000fcd80000,0x00000000fd700000)
  to   space 13824K, 0% used [0x00000000fc000000,0x00000000fc000000,0x00000000fcd80000)
 ParOldGen       total 58880K, used 28616K [0x00000000d1000000, 0x00000000d4980000, 0x00000000f0580000)
  object space 58880K, 48% used [0x00000000d1000000,0x00000000d2bf23d0,0x00000000d4980000)
 Metaspace       used 30698K, capacity 31194K, committed 31488K, reserved 1077248K
  class space    used 3926K, capacity 4049K, committed 4096K, reserved 1048576K
Event: 9.684 GC heap after
Heap after GC invocations=15 (full 2):
 PSYoungGen      total 204800K, used 13800K [0x00000000f0580000, 0x0000000100000000, 0x0000000100000000)
  eden space 190976K, 0% used [0x00000000f0580000,0x00000000f0580000,0x00000000fc000000)
  from space 13824K, 99% used [0x00000000fc000000,0x00000000fcd7a330,0x00000000fcd80000)
  to   space 18944K, 0% used [0x00000000fed80000,0x00000000fed80000,0x0000000100000000)
 ParOldGen       total 58880K, used 37516K [0x00000000d1000000, 0x00000000d4980000, 0x00000000f0580000)
  object space 58880K, 63% used [0x00000000d1000000,0x00000000d34a30c0,0x00000000d4980000)
 Metaspace       used 30698K, capacity 31194K, committed 31488K, reserved 1077248K
  class space    used 3926K, capacity 4049K, committed 4096K, reserved 1048576K
}
Event: 9.843 GC heap before
{Heap before GC invocations=16 (full 2):
 PSYoungGen      total 204800K, used 204776K [0x00000000f0580000, 0x0000000100000000, 0x0000000100000000)
  eden space 190976K, 100% used [0x00000000f0580000,0x00000000fc000000,0x00000000fc000000)
  from space 13824K, 99% used [0x00000000fc000000,0x00000000fcd7a330,0x00000000fcd80000)
  to   space 18944K, 0% used [0x00000000fed80000,0x00000000fed80000,0x0000000100000000)
 ParOldGen       total 58880K, used 37516K [0x00000000d1000000, 0x00000000d4980000, 0x00000000f0580000)
  object space 58880K, 63% used [0x00000000d1000000,0x00000000d34a30c0,0x00000000d4980000)
 Metaspace       used 30698K, capacity 31194K, committed 31488K, reserved 1077248K
  class space    used 3926K, capacity 4049K, committed 4096K, reserved 1048576K
Event: 9.983 GC heap after
Heap after GC invocations=16 (full 2):
 PSYoungGen      total 218112K, used 18917K [0x00000000f0580000, 0x0000000100000000, 0x0000000100000000)
  eden space 199168K, 0% used [0x00000000f0580000,0x00000000f0580000,0x00000000fc800000)
  from space 18944K, 99% used [0x00000000fed80000,0x00000000ffff9788,0x0000000100000000)
  to   space 28672K, 0% used [0x00000000fc800000,0x00000000fc800000,0x00000000fe400000)
 ParOldGen       total 58880K, used 55941K [0x00000000d1000000, 0x00000000d4980000, 0x00000000f0580000)
  object space 58880K, 95% used [0x00000000d1000000,0x00000000d46a1438,0x00000000d4980000)
 Metaspace       used 30698K, capacity 31194K, committed 31488K, reserved 1077248K
  class space    used 3926K, capacity 4049K, committed 4096K, reserved 1048576K
}
Event: 10.117 GC heap before
{Heap before GC invocations=17 (full 3):
 PSYoungGen      total 218112K, used 18917K [0x00000000f0580000, 0x0000000100000000, 0x0000000100000000)
  eden space 199168K, 0% used [0x00000000f0580000,0x00000000f0580000,0x00000000fc800000)
  from space 18944K, 99% used [0x00000000fed80000,0x00000000ffff9788,0x0000000100000000)
  to   space 28672K, 0% used [0x00000000fc800000,0x00000000fc800000,0x00000000fe400000)
 ParOldGen       total 58880K, used 55941K [0x00000000d1000000, 0x00000000d4980000, 0x00000000f0580000)
  object space 58880K, 95% used [0x00000000d1000000,0x00000000d46a1438,0x00000000d4980000)
 Metaspace       used 30698K, capacity 31194K, committed 31488K, reserved 1077248K
  class space    used 3926K, capacity 4049K, committed 4096K, reserved 1048576K

