# JRE version: OpenJDK Runtime Environment (8.0_151-b12) (build 1.8.0_151-8u151-b12-0ubuntu0.16.04.2-b12)
# Java VM: OpenJDK 64-Bit Server VM (25.151-b12 mixed mode linux-amd64 compressed oops)
Heap:
 PSYoungGen      total 219648K, used 10081K [0x00000000f0580000, 0x0000000100000000, 0x0000000100000000)
  eden space 200192K, 0% used [0x00000000f0580000,0x00000000f0580000,0x00000000fc900000)
  from space 19456K, 51% used [0x00000000fed00000,0x00000000ff6d87b0,0x0000000100000000)
  to   space 28160K, 0% used [0x00000000fc900000,0x00000000fc900000,0x00000000fe480000)
 ParOldGen       total 58368K, used 58361K [0x00000000d1000000, 0x00000000d4900000, 0x00000000f0580000)
  object space 58368K, 99% used [0x00000000d1000000,0x00000000d48fe620,0x00000000d4900000)
 Metaspace       used 30734K, capacity 31274K, committed 31488K, reserved 1077248K
  class space    used 3921K, capacity 4049K, committed 4096K, reserved 1048576K
GC Heap History (10 events):
Event: 4.304 GC heap after
Heap after GC invocations=12 (full 1):
 PSYoungGen      total 159232K, used 7177K [0x00000000f0580000, 0x00000000fd380000, 0x0000000100000000)
  eden space 150016K, 0% used [0x00000000f0580000,0x00000000f0580000,0x00000000f9800000)
  from space 9216K, 77% used [0x00000000f9800000,0x00000000f9f02608,0x00000000fa100000)
  to   space 9728K, 0% used [0x00000000fca00000,0x00000000fca00000,0x00000000fd380000)
 ParOldGen       total 28672K, used 21569K [0x00000000d1000000, 0x00000000d2c00000, 0x00000000f0580000)
  object space 28672K, 75% used [0x00000000d1000000,0x00000000d25105e0,0x00000000d2c00000)
 Metaspace       used 28409K, capacity 28854K, committed 29184K, reserved 1075200K
  class space    used 3619K, capacity 3741K, committed 3840K, reserved 1048576K
}
Event: 11.686 GC heap before
{Heap before GC invocations=13 (full 1):
 PSYoungGen      total 159232K, used 157193K [0x00000000f0580000, 0x00000000fd380000, 0x0000000100000000)
  eden space 150016K, 100% used [0x00000000f0580000,0x00000000f9800000,0x00000000f9800000)
  from space 9216K, 77% used [0x00000000f9800000,0x00000000f9f02608,0x00000000fa100000)
  to   space 9728K, 0% used [0x00000000fca00000,0x00000000fca00000,0x00000000fd380000)
 ParOldGen       total 28672K, used 21569K [0x00000000d1000000, 0x00000000d2c00000, 0x00000000f0580000)
  object space 28672K, 75% used [0x00000000d1000000,0x00000000d25105e0,0x00000000d2c00000)
 Metaspace       used 30733K, capacity 31274K, committed 31488K, reserved 1077248K
  class space    used 3921K, capacity 4049K, committed 4096K, reserved 1048576K
Event: 11.721 GC heap after
Heap after GC invocations=13 (full 1):
 PSYoungGen      total 197120K, used 9712K [0x00000000f0580000, 0x00000000fe800000, 0x0000000100000000)
  eden space 187392K, 0% used [0x00000000f0580000,0x00000000f0580000,0x00000000fbc80000)
  from space 9728K, 99% used [0x00000000fca00000,0x00000000fd37c060,0x00000000fd380000)
  to   space 13824K, 0% used [0x00000000fbc80000,0x00000000fbc80000,0x00000000fca00000)
 ParOldGen       total 29696K, used 29572K [0x00000000d1000000, 0x00000000d2d00000, 0x00000000f0580000)
  object space 29696K, 99% used [0x00000000d1000000,0x00000000d2ce10b0,0x00000000d2d00000)
 Metaspace       used 30733K, capacity 31274K, committed 31488K, reserved 1077248K
  class space    used 3921K, capacity 4049K, committed 4096K, reserved 1048576K
}
Event: 11.721 GC heap before
{Heap before GC invocations=14 (full 2):
 PSYoungGen      total 197120K, used 9712K [0x00000000f0580000, 0x00000000fe800000, 0x0000000100000000)
  eden space 187392K, 0% used [0x00000000f0580000,0x00000000f0580000,0x00000000fbc80000)
  from space 9728K, 99% used [0x00000000fca00000,0x00000000fd37c060,0x00000000fd380000)
  to   space 13824K, 0% used [0x00000000fbc80000,0x00000000fbc80000,0x00000000fca00000)
 ParOldGen       total 29696K, used 29572K [0x00000000d1000000, 0x00000000d2d00000, 0x00000000f0580000)
  object space 29696K, 99% used [0x00000000d1000000,0x00000000d2ce10b0,0x00000000d2d00000)
 Metaspace       used 30733K, capacity 31274K, committed 31488K, reserved 1077248K
  class space    used 3921K, capacity 4049K, committed 4096K, reserved 1048576K
Event: 11.964 GC heap after
Heap after GC invocations=14 (full 2):
 PSYoungGen      total 197120K, used 0K [0x00000000f0580000, 0x00000000fe800000, 0x0000000100000000)
  eden space 187392K, 0% used [0x00000000f0580000,0x00000000f0580000,0x00000000fbc80000)
  from space 9728K, 0% used [0x00000000fca00000,0x00000000fca00000,0x00000000fd380000)
  to   space 13824K, 0% used [0x00000000fbc80000,0x00000000fbc80000,0x00000000fca00000)
 ParOldGen       total 58368K, used 28662K [0x00000000d1000000, 0x00000000d4900000, 0x00000000f0580000)
  object space 58368K, 49% used [0x00000000d1000000,0x00000000d2bfd8f8,0x00000000d4900000)
 Metaspace       used 30733K, capacity 31274K, committed 31488K, reserved 1077248K
  class space    used 3921K, capacity 4049K, committed 4096K, reserved 1048576K
}
Event: 12.165 GC heap before
{Heap before GC invocations=15 (full 2):
 PSYoungGen      total 197120K, used 187392K [0x00000000f0580000, 0x00000000fe800000, 0x0000000100000000)
  eden space 187392K, 100% used [0x00000000f0580000,0x00000000fbc80000,0x00000000fbc80000)
  from space 9728K, 0% used [0x00000000fca00000,0x00000000fca00000,0x00000000fd380000)
  to   space 13824K, 0% used [0x00000000fbc80000,0x00000000fbc80000,0x00000000fca00000)
 ParOldGen       total 58368K, used 28662K [0x00000000d1000000, 0x00000000d4900000, 0x00000000f0580000)
  object space 58368K, 49% used [0x00000000d1000000,0x00000000d2bfd8f8,0x00000000d4900000)
 Metaspace       used 30734K, capacity 31274K, committed 31488K, reserved 1077248K
  class space    used 3921K, capacity 4049K, committed 4096K, reserved 1048576K
Event: 12.195 GC heap after
Heap after GC invocations=15 (full 2):
 PSYoungGen      total 201216K, used 13802K [0x00000000f0580000, 0x0000000100000000, 0x0000000100000000)
  eden space 187392K, 0% used [0x00000000f0580000,0x00000000f0580000,0x00000000fbc80000)
  from space 13824K, 99% used [0x00000000fbc80000,0x00000000fc9faaa0,0x00000000fca00000)
  to   space 19456K, 0% used [0x00000000fed00000,0x00000000fed00000,0x0000000100000000)
 ParOldGen       total 58368K, used 37241K [0x00000000d1000000, 0x00000000d4900000, 0x00000000f0580000)
  object space 58368K, 63% used [0x00000000d1000000,0x00000000d345e6e0,0x00000000d4900000)
 Metaspace       used 30734K, capacity 31274K, committed 31488K, reserved 1077248K
  class space    used 3921K, capacity 4049K, committed 4096K, reserved 1048576K
}
Event: 12.284 GC heap before
{Heap before GC invocations=16 (full 2):
 PSYoungGen      total 201216K, used 201194K [0x00000000f0580000, 0x0000000100000000, 0x0000000100000000)
  eden space 187392K, 100% used [0x00000000f0580000,0x00000000fbc80000,0x00000000fbc80000)
  from space 13824K, 99% used [0x00000000fbc80000,0x00000000fc9faaa0,0x00000000fca00000)
  to   space 19456K, 0% used [0x00000000fed00000,0x00000000fed00000,0x0000000100000000)
 ParOldGen       total 58368K, used 37241K [0x00000000d1000000, 0x00000000d4900000, 0x00000000f0580000)
  object space 58368K, 63% used [0x00000000d1000000,0x00000000d345e6e0,0x00000000d4900000)
 Metaspace       used 30734K, capacity 31274K, committed 31488K, reserved 1077248K
  class space    used 3921K, capacity 4049K, committed 4096K, reserved 1048576K
Event: 12.341 GC heap after
Heap after GC invocations=16 (full 2):
 PSYoungGen      total 219648K, used 19443K [0x00000000f0580000, 0x0000000100000000, 0x0000000100000000)
  eden space 200192K, 0% used [0x00000000f0580000,0x00000000f0580000,0x00000000fc900000)
  from space 19456K, 99% used [0x00000000fed00000,0x00000000ffffce88,0x0000000100000000)
  to   space 28160K, 0% used [0x00000000fc900000,0x00000000fc900000,0x00000000fe480000)
 ParOldGen       total 58368K, used 53577K [0x00000000d1000000, 0x00000000d4900000, 0x00000000f0580000)
  object space 58368K, 91% used [0x00000000d1000000,0x00000000d44524d8,0x00000000d4900000)
 Metaspace       used 30734K, capacity 31274K, committed 31488K, reserved 1077248K
  class space    used 3921K, capacity 4049K, committed 4096K, reserved 1048576K
}
Event: 12.341 GC heap before
{Heap before GC invocations=17 (full 3):
 PSYoungGen      total 219648K, used 19443K [0x00000000f0580000, 0x0000000100000000, 0x0000000100000000)
  eden space 200192K, 0% used [0x00000000f0580000,0x00000000f0580000,0x00000000fc900000)
  from space 19456K, 99% used [0x00000000fed00000,0x00000000ffffce88,0x0000000100000000)
  to   space 28160K, 0% used [0x00000000fc900000,0x00000000fc900000,0x00000000fe480000)
 ParOldGen       total 58368K, used 53577K [0x00000000d1000000, 0x00000000d4900000, 0x00000000f0580000)
  object space 58368K, 91% used [0x00000000d1000000,0x00000000d44524d8,0x00000000d4900000)
 Metaspace       used 30734K, capacity 31274K, committed 31488K, reserved 1077248K
  class space    used 3921K, capacity 4049K, committed 4096K, reserved 1048576K

